0.006201944001160598
0.00014523273545857237
0.0005928607089365952
0.0013373900832525326
0.0007793321123796906
0.0002427436973332871
0.0002629349382102895
0.002029664324746292
0.007169222032935832
0.0004475941812756434
0.0014377893112638518
0.0006537550053117594
0.0002894584495552866
0.0006669868203404301
0
0.0005027206056304708
0.001557255078381839
0.00017705382436260624
0.00017190991920233798
0.002214022140221402
0.0007405056595789696
0.0012983121941476082
0.0001449443413729128
0.00034723318286562077
0.008222364832343976
0.0009282954488433941
0.003892286917149893
0.0001698754246885617
0.0016878824108587103
0.0005306447333510214
0.000035693889206167905
0.0007887212856156955
0.0008512943543706226
0.00007543184732594101
0.00006743543057522422
0.0013079438353529524
0.0005388760585065435
0.00007980633662312788
0.001419844807660558
0.0003011306085575844
0.0011315535811575374
0.00012821170316426483
0.005708237250973425
0.0010346438822508512
0.0005392834271461795
0.00033178500331785003
0.0034419368717487388
0.0008297695793706517
0.0028027498677948176
0.00003656307129798903
0.000234009360374415
0.002207234825260576
0.000778755548633284
0.0006434352670256358
0.001624162001520492
0.0005750982459503498
0.00016591314446887055
0.00014086887924719672
0.004904345006485084
0.0008735213830755232
0.0006506180871828237
0.0006579565748660588
0.000964645733854242
0.0006643046944198405
0.003904702620112048
0.00024884907303720296
0.0008407679013498995
0.0009918845807033363
0.000970638194612958
0.00047382136934375743
0.0007588075880758808
0.0002357537383807086
0.000563433186214668
0.00049800796812749
0.0016826725765410819
0.001095290251916758
0.004397082406497336
0.0005586176076269924
0.00091588334538443
0.0012512030798845044
0.004792476715797089
0.00029097559961757495
0.00039038101186758274
0.004008633980881899
0.005783132530120482
0.0004747915368408558
0.0009478264615914867
0.0003176115610608226
0.0005995717344753747
0.00442613723583892
0.001793561115595014
0.0005941550001856735
0.010578165374677003
0.0006381192275398825
0.0011631833702300102
0.0009822941479826135
0.0058779141347948686
0.0005002501250625312
0.000499417346429166
0.00231442088424492
0.004648040076434437
0.00026465139530096744
0.0014035087719298245
0.00043730867745361406
0.0005359940628349962
0.0002463661000246366
0.003273254609488295
0.0006348954406571168
0.003602181893032351
0.0011777770299828381
0.0012828031080486732
0.0016208014345816953
0.002275436125257341
0.001580926337378226
0.0003334166875052096
0.0044263386736652435
0.0054544599614426105
0.0005053057099545225
0.003342903213119912
0.003731209414128368
0.0006165608237252605
0.0019470228661987775
0.006337183140842958
0.0007460830639144492
0.011487964989059081
0.0011465897640804698
0.0003352534211087745
0.0021344717182497333
0.0028271705974257867
0.001336104513064133
0.000587278641127575
0.006511668560440521
0.005119543991133161
0.0009252063210095852
0.013326523031203566
0.0006091469506103652
0.000766764254844556
0.0012287118527831752
0.00523168908819133
0.0011596085161649427
0.00850087133931228
0.0015018602587295628
0.0008390344649541759
0.0027509751591049065
0.005360281195079086
0.0021981627296587926
0.0011008597190186621
0.005311419552036879
0.00328879753340185
0.00026732011583871686
0.0019768805495057797
0.00012692288165710514
0.0015035333032626672
0.0011375343406593407
0.0012512382044731767
0.00629905514172874
0.005631320870364695
0.002092908732764281
0.0005971575301564553
0.005934075453718543
0.006524377908152944
0.0008825771252056004
0.002485089463220676
0.006964033850493653
0.004095069857074032
0.00019566918862509784
0.003003660711492131
0.0003200910481203542
0.0015739769150052466
0.000940863299446956
0.0007499062617172854
0.012320961034960727
0.02356932820628817
0.0017398639742711025
0.0020148791072535648
0.003998400639744102
0.008420658682634731
0.003886752311594796
0.0014276571653620833
0.002349925229651784
0.0019891261105954116
0.0003017111331408129
0.0018094596869213937
0.0007151477227014706
0.00136
0.002959501557632399
0.0009398496240601503
0.008013737836290785
0.01708801498127341
0.0009948269001193793
0.0006665481692143619
0.0024046299315291816
0.006216972334473112
0.004192322808856282
0.002075655525903334
0.0039090262970859985
0.0015053763440860215
0.0015387456145749985
0.006330921553693831
0.0004040567295648309
0.004801509045700077
0.005517388673334994
0.0002007226013649137
0.007820136852394917
0.024624157594608606
0.0006643046944198405
0.00252133436772692
0.003470625130671127
0.006222058349080518
0.0068359375
0.0014664711371817091
0.0037387836490528413
0.007307476110174255
0.0013009358344873894
0.003975963493426105
0.0007441779022938189
0.0038254554885560526
0.001580826109127996
0.0006265664160401002
0.005248425472358292
0.028623979767789402
0.0006638636866563399
0.0008333333333333334
0.005922881663241871
0.003003273568189326
0.004240412979351032
0.0023078574495491626
0.0006977671451355662
0.0035580154180668115
0.0022442770934118
0.001574855917437341
0.00013606676342525398
0.006546919590397851
0.0025623247822023935
0.0007720517274657402
0.0007078393204742523
0.018920885746959142
0.0005115089514066496
0.003076923076923077
0.00772294935371108
0.0048666379866637985
0.0.0035702541457227417
008678672163159037
0.001642635517430188
0.007863401482812851
0.012530827167899753
0.0030610785295379773
0.0007466865783087549
0.008839963305812692
0.0019759126834776063
0.013005486689697216
0.0028457598178713715
0.0307055127106541
0.0011142061281337048
0.002491435689816257
0.00609404990403071
0.0049191396328328455
0.00458932307484646
0.0005496267118581963
0.0020850040096230954
0.00273840206185567
0.00620865730532668
0.001083626036918018
0.0006897740989825832
0.004319343459794111
0.003245348334054522
0.00713577799801784
0.006203955021326095
0.0190325138778747
0.0034108527131782944
0.0034517856352613177
0.0019812680115273776
0.007711354793066855
0.015613258745929698
0.0030764927982100407
0.002577319587628866
0.0010402734433050973
0.009391932570740518
0.001582994120307553
0.0012457732692649937
0.003406803282919527
0.002524127691165553
0.004384939195509822
0.007439134355275023
0.02503372807675011
0.0025098358431691766
0.0018506768189509306
0.003091721058055651
0.006016984652880917
0.014056622450999801
0.003558542974348836
0.0018456995201181247
0.0032900148050666227
0.00973170600569923
0.001968503937007874
0.000744463056020845
0.0093074185600876
0.013498393907676761
0.010661691210768308
0.009669101847872797
0.03581117742810635
0.002107005794265934
0.0026883165761600086
0.0018587360594795538
0.0014173431258858395
0.012363148879124153
0.003289304620445084
0.004030844724851034
0.00976481095564156
0.001957992168031328
0.001610305958132045
0.003578828404595969
0.003660992128866923
0.022522345158877032
0.01000068970273812
0.011922141119221411
0.027247149415074782
0.002462121212121212
0.0021284913774379916
0.000693721817551162
0.015022091310751105
0.008204334365325078
0.0034915807850425186
0.006086090516764413
0.0031762837480148226
0.0014016820184221065
0.0013515339910798758
0.011247040252565114
0.010211924892939497
0.021962189893878697
0.007530930607853685
0.015459678745682803
0.03830166270783848
0.0018112488083889418
0.003034405489939779
0.0006599692014372662
0.018933605026320258
0.00901214680656537
0.0029053680132816824
0.006394490900147565
0.0040720102871838835
0.001265022137887413
0.003953577349827828
0.010797950219619327
0.005570685813320129
0.017798636323386168
0.019694378551332267
0.0037245164662833246
0.03208344335885926
0.0028856243441762854
0.004452359750667854
0.0020732224473448617
0.015969520103761348
0.01281614578898067
0.005559619604974396
0.00915542938254081
0.02305805396565822
0.0019143990154519349
0.007763511495968946
0.019808108944599195
0.0158800420516793
0.025308266098340693
0.005866302864938608
0.005526937110968019
0.025917297612114153
0.0035795026375282594
0.006087838817219887
0.0014952153110047847
0.013063903726108501
0.01747213705163771
0.0026109660574412533
0.0029235695391897536
0.008419200804222166
0.0021888085268366958
0.008097762073027091
0.01112095828925927
0.02794469400851759
0.021023228462216995
0.0.010743905503895451
010515315786036183
0.04060058219702773
0.0020242914979757085
0.0038470933072789447
0.012323549182164464
0.01694738488814726
0.00930291831273098
0.007171193164479707
0.013439883763167454
0.01172219991971096
0.010034970351223962
0.018004434589800444
0.000552682483912992
0.014237383704539048
0.017148133491623797
0.004835420914651908
0.010770445896460113
0.039031548055759355
0.00890901124580108
0.005007428602872393
0.014063378961185074
0.016277177072433438
0.007161057903523416
0.011913271384322134
0.023797259709487997
0.01018321931273099
0.005906123717749456
0.008219912440063138
0.019327406262079627
0.014339364970979856
0.013506753376688344
0.0067084326661861725
0.03933712755272849
0.0052986512524084775
0.010935271344155404
0.000.01078107810781078
4913162705667276
0.01106180863696019
0.015557617773895955
0.008926192379429789
0.008115489660554039
0.005380598195917075
0.018426842684268425
0.007444168734491315
0.0053639846743295016
0.005229055359781744
0.013483764446890478
0.002352203230359103
0.000772021925422682
0.019359849115216064
0.008593396653098146
0.01386001386001386
0.004581151832460733
0.00818339779160361
0.008677685950413223
0.010211027910142955
0.010712546664502515
0.00613107822410148
0.02046783625730994
0.009648211370046015
0.005028494803888703
0.015355086372360844
0.004567814476458187
0.01394761407940256
0.007626870049867997
0.00823293172690763
0.004037117377681369
0.00793107383316216
0.016014675987902228
0.024373900661696958
0.02564102564102564
0.00008195377806916898
0.022284122562674095
0.013958682300390842
0.007116670260944576
0.004350736278447122
0.004451359177146809
0.0.021729736403481695
0010031767262999498
0.008015389547932029
0.010270709067165497
0.001971908946239535
0.014289409026251131
0.000816400580551524
0.011791432280398096
0.01715932703264294
0.010568852968604289
0.005376344086021506
0.03885791518837641
0.009700063816209317
0.005813953488372093
0.013750678487425366
0.02563662374821173
0.002468198215302829
0.013493791420436874
0.0057692307692307696
0.0048224265368667744
0.009486492060218602
0.015611353711790394
0.05142651642292016
0.009102771219087858
0.007444712064812787
0.03310560774267008
0.006740389678778305
0.0.000047785919082510369448287497891008

0.01571159537261232
0.002601203056413591
0.003395938734493035
0.02290881688018086
0.019620456738501126
0.006667532579988743
0.01543433810434668
0.01051586406101909
0.025997699702697424
0.00354658300368299
0.011938354677664425
0.006962351727694688
0.0006970260223048327
0.008627540015892837
0.009538950715421303
0.02738295263612007
0.007461294534601754
0.00041025641025641023
0.02036303908355795
0.013966110669843792
0.04067300658376006
0.0016257052691976666
0.017854220534808365
0.023632035990793054
0.00884541144281404
0.0138239581762429
0.0018608113137327876
0.0002909876953774526
0.020997909710345576
0.018525519848771266
0.002380349455558369
0.014717170031703653
0.02001258653241032
0.00724281185088007
0.000769988912159665
0.0009836468707733923
0.009740114008707751
0.04591236810347495
0.014164795301433754
0.004703872574377729
0.01284143197467611
0.00008860142648296638
0.04214482249513456
0.015493726132024004
0.00032357223750202233
0.000029041064064587326
0.003208917412599223
0.015613372460369835
0.022287636669470142
0.009394681858493544
0.009746879506688547
0.010922852983988355
0
0.005256730207614294
0.0008717734905052495
0.017952665212142692
0.017115627735096763
0.009283082293619497
0.002368216896002613
0.028567768383294903
0.001896149358226371
0.009511692717799588
0
0.01609483913640758
0.00023803147966318546
0.01668266922707633
0.007034104750304507
0.0033891922425155338
0.024703118054232552
0.0009538708077378
0.00026784518548279097
0.00024346696964778445
0.01096762780824341
0.04238049144576487
0.015723880886749232
0.011055067211870424
0.008487344314985937
0.019931965557563516
0.008693476765276128
0.00010339835941269732
0.0006142506142506142
0.002402691013935608
0.0056540542564544214
0.02090939263192831
0.01553976148273073
0.02126324595649749
0.021373056994818652
